<?xml version="1.0" encoding="UTF-8"?>
<!-- Generated by org.testng.reporters.JUnitReportReporter -->
<testsuite hostname="Surajs-MacBook-Air.local" failures="0" tests="1" name="appium_runner.WebTableClass" time="44.145" errors="0" timestamp="2024-03-10T12:52:13 IST" skipped="0">
  <testcase classname="appium_runner.WebTableClass" name="test1" time="44.145"/>
  <system-out/>
</testsuite> <!-- appium_runner.WebTableClass -->
