<?xml version="1.0" encoding="UTF-8"?>
<!-- Generated by org.testng.reporters.JUnitReportReporter -->
<testsuite hostname="Surajs-MacBook-Air.local" failures="0" tests="1" name="appium_runner.Runner" time="11.846" errors="0" timestamp="2024-03-15T09:52:24 IST" skipped="0">
  <testcase classname="appium_runner.Runner" name="testSettingsApp" time="11.846"/>
  <system-out/>
</testsuite> <!-- appium_runner.Runner -->
