<?xml version="1.0" encoding="UTF-8"?>
<!-- Generated by org.testng.reporters.JUnitReportReporter -->
<testsuite hostname="Surajs-MacBook-Air.local" failures="0" tests="1" name="appium_runner.ActionsExample" time="16.054" errors="0" timestamp="2024-03-06T20:59:34 IST" skipped="0">
  <testcase classname="appium_runner.ActionsExample" name="test2" time="16.054"/>
  <system-out/>
</testsuite> <!-- appium_runner.ActionsExample -->
